<?xml version="1.0" encoding="UTF-8"?>
<!-- Generated by org.testng.reporters.JUnitXMLReporter -->
<testsuite ignored="2" hostname="MSI" failures="0" tests="6" name="Create New Booking Test - pay@online" time="0.036" errors="0" timestamp="2025-12-25T15:41:20 IST">
  <testcase classname="Booking" name="loadBooking" time="0.003"/>
  <testcase classname="Booking" name="cancelBooking" time="0.004"/>
  <testcase classname="PaymentManager" name="applyDiscount" time="0.002"/>
  <testcase classname="PaymentManager" name="makePayment" time="0.003"/>
  <testcase classname="CustomerCommunication" name="checkEmailVerification" time="0.002"/>
  <testcase classname="CustomerCommunication" name="checkMobileVerification" time="0.002"/>
  <testcase classname="Booking" name="typeOfRoom" time="0.0">
    <ignored/>
  </testcase> <!-- typeOfRoom -->
  <testcase classname="Booking" name="createBooking" time="0.0">
    <ignored/>
  </testcase> <!-- createBooking -->
</testsuite> <!-- Create New Booking Test - pay@online -->
