<?xml version="1.0" encoding="UTF-8"?>
<!-- Generated by org.testng.reporters.JUnitReportReporter -->
<testsuite hostname="MSI" failures="0" tests="4" name="PaymentManager" time="0.011" errors="0" timestamp="2025-12-25T15:41:21 IST" skipped="0">
  <testcase classname="PaymentManager" name="makePayment" time="0.002"/>
  <testcase classname="PaymentManager" name="applyDiscount" time="0.004"/>
  <testcase classname="PaymentManager" name="applyDiscount" time="0.002"/>
  <testcase classname="PaymentManager" name="makePayment" time="0.003"/>
</testsuite> <!-- PaymentManager -->
