<?xml version="1.0" encoding="UTF-8"?>
<!-- Generated by org.testng.reporters.JUnitReportReporter -->
<testsuite hostname="MSI" failures="0" tests="4" name="CustomerCommunication" time="0.009" errors="0" timestamp="2025-12-25T15:41:21 IST" skipped="0">
  <testcase classname="CustomerCommunication" name="checkEmailVerification" time="0.002"/>
  <testcase classname="CustomerCommunication" name="checkEmailVerification" time="0.002"/>
  <testcase classname="CustomerCommunication" name="checkMobileVerification" time="0.003"/>
  <testcase classname="CustomerCommunication" name="checkMobileVerification" time="0.002"/>
</testsuite> <!-- CustomerCommunication -->
