<?xml version="1.0" encoding="UTF-8"?>
<!-- Generated by org.testng.reporters.JUnitReportReporter -->
<testsuite hostname="MSI" failures="0" tests="4" name="Booking" time="0.027" errors="0" timestamp="2025-12-25T15:41:21 IST" skipped="0">
  <testcase classname="Booking" name="typeOfRoom" time="0.002"/>
  <testcase classname="Booking" name="loadBooking" time="0.003"/>
  <testcase classname="Booking" name="cancelBooking" time="0.004"/>
  <testcase classname="Booking" name="createBooking" time="0.018"/>
</testsuite> <!-- Booking -->
